nohup: ignoring input
Loading checkpoint shards:   0%|          | 0/4 [00:00<?, ?it/s]Loading checkpoint shards:  25%|██▌       | 1/4 [00:05<00:17,  5.80s/it]Loading checkpoint shards:  50%|█████     | 2/4 [00:12<00:13,  6.54s/it]Loading checkpoint shards:  75%|███████▌  | 3/4 [00:19<00:06,  6.65s/it]Loading checkpoint shards: 100%|██████████| 4/4 [00:20<00:00,  4.33s/it]Loading checkpoint shards: 100%|██████████| 4/4 [00:20<00:00,  5.10s/it]
Traceback (most recent call last):
  File "/gpfs/home/lrr7593/CCB/vanilla.py", line 109, in <module>
    outputs = ModelXtoCtoY_layer(pooled_output)
  File "/home/lrr7593/.local/lib/python3.9/site-packages/torch/nn/modules/module.py", line 1751, in _wrapped_call_impl
    return self._call_impl(*args, **kwargs)
  File "/home/lrr7593/.local/lib/python3.9/site-packages/torch/nn/modules/module.py", line 1762, in _call_impl
    return forward_call(*args, **kwargs)
  File "/gpfs/home/lrr7593/CCB/backbone_template.py", line 72, in forward
    outputs = self.first_model(x)
  File "/home/lrr7593/.local/lib/python3.9/site-packages/torch/nn/modules/module.py", line 1751, in _wrapped_call_impl
    return self._call_impl(*args, **kwargs)
  File "/home/lrr7593/.local/lib/python3.9/site-packages/torch/nn/modules/module.py", line 1762, in _call_impl
    return forward_call(*args, **kwargs)
  File "/gpfs/home/lrr7593/CCB/backbone_template.py", line 90, in forward
    out.append(fc(x))
  File "/home/lrr7593/.local/lib/python3.9/site-packages/torch/nn/modules/module.py", line 1751, in _wrapped_call_impl
    return self._call_impl(*args, **kwargs)
  File "/home/lrr7593/.local/lib/python3.9/site-packages/torch/nn/modules/module.py", line 1762, in _call_impl
    return forward_call(*args, **kwargs)
  File "/gpfs/home/lrr7593/CCB/backbone_template.py", line 26, in forward
    x = self.fc(x)
  File "/home/lrr7593/.local/lib/python3.9/site-packages/torch/nn/modules/module.py", line 1751, in _wrapped_call_impl
    return self._call_impl(*args, **kwargs)
  File "/home/lrr7593/.local/lib/python3.9/site-packages/torch/nn/modules/module.py", line 1762, in _call_impl
    return forward_call(*args, **kwargs)
  File "/home/lrr7593/.local/lib/python3.9/site-packages/torch/nn/modules/linear.py", line 125, in forward
    return F.linear(input, self.weight, self.bias)
RuntimeError: mat1 and mat2 shapes cannot be multiplied (32x4096 and 768x1)
